{"/Users/jose.bustamante/Documents/Projects/Miro/src/index.js": {"path":"/Users/jose.bustamante/Documents/Projects/Miro/src/index.js","statementMap":{"0":{"start":{"line":7,"column":0},"end":{"line":9,"column":2}},"1":{"start":{"line":8,"column":25},"end":{"line":8,"column":38}},"2":{"start":{"line":12,"column":2},"end":{"line":14,"column":3}},"3":{"start":{"line":13,"column":4},"end":{"line":13,"column":36}},"4":{"start":{"line":15,"column":2},"end":{"line":18,"column":4}},"5":{"start":{"line":20,"column":20},"end":{"line":20,"column":49}},"6":{"start":{"line":21,"column":2},"end":{"line":21,"column":51}},"7":{"start":{"line":22,"column":2},"end":{"line":22,"column":59}},"8":{"start":{"line":24,"column":23},"end":{"line":24,"column":52}},"9":{"start":{"line":25,"column":2},"end":{"line":25,"column":57}},"10":{"start":{"line":26,"column":2},"end":{"line":26,"column":59}},"11":{"start":{"line":27,"column":2},"end":{"line":28,"column":74}},"12":{"start":{"line":30,"column":30},"end":{"line":30,"column":59}},"13":{"start":{"line":31,"column":2},"end":{"line":31,"column":71}},"14":{"start":{"line":32,"column":2},"end":{"line":32,"column":73}},"15":{"start":{"line":34,"column":2},"end":{"line":34,"column":42}},"16":{"start":{"line":35,"column":2},"end":{"line":35,"column":49}},"17":{"start":{"line":36,"column":2},"end":{"line":36,"column":41}},"18":{"start":{"line":38,"column":2},"end":{"line":38,"column":24}},"19":{"start":{"line":39,"column":2},"end":{"line":39,"column":48}},"20":{"start":{"line":40,"column":2},"end":{"line":40,"column":50}},"21":{"start":{"line":44,"column":20},"end":{"line":44,"column":78}},"22":{"start":{"line":45,"column":2},"end":{"line":45,"column":35}},"23":{"start":{"line":49,"column":20},"end":{"line":49,"column":22}},"24":{"start":{"line":50,"column":18},"end":{"line":50,"column":58}},"25":{"start":{"line":51,"column":2},"end":{"line":54,"column":3}},"26":{"start":{"line":51,"column":15},"end":{"line":51,"column":16}},"27":{"start":{"line":51,"column":24},"end":{"line":51,"column":40}},"28":{"start":{"line":52,"column":16},"end":{"line":52,"column":28}},"29":{"start":{"line":53,"column":4},"end":{"line":53,"column":58}},"30":{"start":{"line":53,"column":34},"end":{"line":53,"column":58}},"31":{"start":{"line":55,"column":2},"end":{"line":55,"column":21}},"32":{"start":{"line":59,"column":0},"end":{"line":61,"column":3}},"33":{"start":{"line":60,"column":2},"end":{"line":60,"column":14}}},"fnMap":{"0":{"name":"(anonymous_0)","decl":{"start":{"line":8,"column":17},"end":{"line":8,"column":18}},"loc":{"start":{"line":8,"column":25},"end":{"line":8,"column":38}},"line":8},"1":{"name":"initField","decl":{"start":{"line":11,"column":16},"end":{"line":11,"column":25}},"loc":{"start":{"line":11,"column":42},"end":{"line":41,"column":1}},"line":11},"2":{"name":"addRandomEmail","decl":{"start":{"line":43,"column":9},"end":{"line":43,"column":23}},"loc":{"start":{"line":43,"column":28},"end":{"line":46,"column":1}},"line":43},"3":{"name":"getEmails","decl":{"start":{"line":48,"column":9},"end":{"line":48,"column":18}},"loc":{"start":{"line":48,"column":23},"end":{"line":56,"column":1}},"line":48},"4":{"name":"(anonymous_4)","decl":{"start":{"line":59,"column":46},"end":{"line":59,"column":47}},"loc":{"start":{"line":59,"column":58},"end":{"line":61,"column":1}},"line":59}},"branchMap":{"0":{"loc":{"start":{"line":11,"column":26},"end":{"line":11,"column":40}},"type":"default-arg","locations":[{"start":{"line":11,"column":31},"end":{"line":11,"column":40}}],"line":11},"1":{"loc":{"start":{"line":12,"column":2},"end":{"line":14,"column":3}},"type":"if","locations":[{"start":{"line":12,"column":2},"end":{"line":14,"column":3}},{"start":{"line":12,"column":2},"end":{"line":14,"column":3}}],"line":12},"2":{"loc":{"start":{"line":53,"column":4},"end":{"line":53,"column":58}},"type":"if","locations":[{"start":{"line":53,"column":4},"end":{"line":53,"column":58}},{"start":{"line":53,"column":4},"end":{"line":53,"column":58}}],"line":53}},"s":{"0":3,"1":2,"2":5,"3":1,"4":4,"5":4,"6":4,"7":4,"8":4,"9":4,"10":4,"11":4,"12":4,"13":4,"14":4,"15":4,"16":4,"17":4,"18":4,"19":4,"20":4,"21":1,"22":1,"23":1,"24":1,"25":1,"26":1,"27":1,"28":1,"29":1,"30":1,"31":1,"32":3,"33":0},"f":{"0":2,"1":5,"2":1,"3":1,"4":0},"b":{"0":[2],"1":[1,4],"2":[1,0]},"_coverageSchema":"1a1c01bbd47fc00a2c39e90264f33305004495a9","hash":"b193fdacfddbcfa0c5fc0c8ad4381aeeee557876"}
,"/Users/jose.bustamante/Documents/Projects/Miro/src/components/EmailBubble.js": {"path":"/Users/jose.bustamante/Documents/Projects/Miro/src/components/EmailBubble.js","statementMap":{"0":{"start":{"line":5,"column":21},"end":{"line":5,"column":50}},"1":{"start":{"line":6,"column":15},"end":{"line":6,"column":44}},"2":{"start":{"line":8,"column":2},"end":{"line":10,"column":72}},"3":{"start":{"line":9,"column":4},"end":{"line":9,"column":65}},"4":{"start":{"line":10,"column":9},"end":{"line":10,"column":72}},"5":{"start":{"line":12,"column":2},"end":{"line":12,"column":32}},"6":{"start":{"line":14,"column":2},"end":{"line":21,"column":4}},"7":{"start":{"line":15,"column":4},"end":{"line":17,"column":48}},"8":{"start":{"line":17,"column":30},"end":{"line":17,"column":46}},"9":{"start":{"line":18,"column":4},"end":{"line":19,"column":25}},"10":{"start":{"line":18,"column":35},"end":{"line":18,"column":73}},"11":{"start":{"line":19,"column":9},"end":{"line":19,"column":25}},"12":{"start":{"line":20,"column":4},"end":{"line":20,"column":17}},"13":{"start":{"line":22,"column":2},"end":{"line":24,"column":50}},"14":{"start":{"line":25,"column":2},"end":{"line":25,"column":60}}},"fnMap":{"0":{"name":"createEmailBubble","decl":{"start":{"line":4,"column":16},"end":{"line":4,"column":33}},"loc":{"start":{"line":4,"column":50},"end":{"line":26,"column":1}},"line":4},"1":{"name":"(anonymous_1)","decl":{"start":{"line":14,"column":19},"end":{"line":14,"column":20}},"loc":{"start":{"line":14,"column":31},"end":{"line":21,"column":3}},"line":14},"2":{"name":"(anonymous_2)","decl":{"start":{"line":17,"column":23},"end":{"line":17,"column":24}},"loc":{"start":{"line":17,"column":30},"end":{"line":17,"column":46}},"line":17}},"branchMap":{"0":{"loc":{"start":{"line":8,"column":2},"end":{"line":10,"column":72}},"type":"if","locations":[{"start":{"line":8,"column":2},"end":{"line":10,"column":72}},{"start":{"line":8,"column":2},"end":{"line":10,"column":72}}],"line":8},"1":{"loc":{"start":{"line":18,"column":4},"end":{"line":19,"column":25}},"type":"if","locations":[{"start":{"line":18,"column":4},"end":{"line":19,"column":25}},{"start":{"line":18,"column":4},"end":{"line":19,"column":25}}],"line":18}},"s":{"0":2,"1":2,"2":2,"3":2,"4":0,"5":2,"6":2,"7":0,"8":0,"9":0,"10":0,"11":0,"12":0,"13":2,"14":2},"f":{"0":2,"1":0,"2":0},"b":{"0":[2,0],"1":[0,0]},"_coverageSchema":"1a1c01bbd47fc00a2c39e90264f33305004495a9","hash":"29e4b9213173332e6f75f8e3cab5502b68c0ee19"}
,"/Users/jose.bustamante/Documents/Projects/Miro/src/components/EmailButton.js": {"path":"/Users/jose.bustamante/Documents/Projects/Miro/src/components/EmailButton.js","statementMap":{"0":{"start":{"line":2,"column":15},"end":{"line":2,"column":47}},"1":{"start":{"line":3,"column":2},"end":{"line":3,"column":39}},"2":{"start":{"line":4,"column":2},"end":{"line":7,"column":4}},"3":{"start":{"line":5,"column":4},"end":{"line":5,"column":24}},"4":{"start":{"line":6,"column":4},"end":{"line":6,"column":17}},"5":{"start":{"line":8,"column":2},"end":{"line":8,"column":47}},"6":{"start":{"line":9,"column":2},"end":{"line":9,"column":64}},"7":{"start":{"line":10,"column":2},"end":{"line":10,"column":26}},"8":{"start":{"line":11,"column":2},"end":{"line":13,"column":25}}},"fnMap":{"0":{"name":"createButton","decl":{"start":{"line":1,"column":16},"end":{"line":1,"column":28}},"loc":{"start":{"line":1,"column":56},"end":{"line":14,"column":1}},"line":1},"1":{"name":"(anonymous_1)","decl":{"start":{"line":4,"column":19},"end":{"line":4,"column":20}},"loc":{"start":{"line":4,"column":31},"end":{"line":7,"column":3}},"line":4}},"branchMap":{},"s":{"0":9,"1":9,"2":9,"3":3,"4":3,"5":9,"6":9,"7":9,"8":9},"f":{"0":9,"1":3},"b":{},"_coverageSchema":"1a1c01bbd47fc00a2c39e90264f33305004495a9","hash":"c6454515190d9c2fc8de757cfa9e71cc33731f8d"}
,"/Users/jose.bustamante/Documents/Projects/Miro/src/components/EmailsField.js": {"path":"/Users/jose.bustamante/Documents/Projects/Miro/src/components/EmailsField.js","statementMap":{"0":{"start":{"line":5,"column":14},"end":{"line":5,"column":66}},"1":{"start":{"line":6,"column":19},"end":{"line":6,"column":33}},"2":{"start":{"line":8,"column":2},"end":{"line":14,"column":3}},"3":{"start":{"line":10,"column":4},"end":{"line":10,"column":23}},"4":{"start":{"line":11,"column":9},"end":{"line":14,"column":3}},"5":{"start":{"line":13,"column":4},"end":{"line":13,"column":21}},"6":{"start":{"line":15,"column":2},"end":{"line":41,"column":3}},"7":{"start":{"line":16,"column":4},"end":{"line":40,"column":5}},"8":{"start":{"line":19,"column":8},"end":{"line":19,"column":42}},"9":{"start":{"line":20,"column":8},"end":{"line":20,"column":25}},"10":{"start":{"line":21,"column":8},"end":{"line":21,"column":14}},"11":{"start":{"line":23,"column":8},"end":{"line":28,"column":9}},"12":{"start":{"line":24,"column":26},"end":{"line":24,"column":40}},"13":{"start":{"line":25,"column":10},"end":{"line":26,"column":72}},"14":{"start":{"line":26,"column":12},"end":{"line":26,"column":72}},"15":{"start":{"line":27,"column":10},"end":{"line":27,"column":44}},"16":{"start":{"line":29,"column":8},"end":{"line":29,"column":25}},"17":{"start":{"line":30,"column":8},"end":{"line":30,"column":14}},"18":{"start":{"line":32,"column":8},"end":{"line":35,"column":9}},"19":{"start":{"line":33,"column":10},"end":{"line":33,"column":70}},"20":{"start":{"line":34,"column":10},"end":{"line":34,"column":44}},"21":{"start":{"line":36,"column":8},"end":{"line":36,"column":25}},"22":{"start":{"line":37,"column":8},"end":{"line":37,"column":14}},"23":{"start":{"line":39,"column":8},"end":{"line":39,"column":14}},"24":{"start":{"line":45,"column":19},"end":{"line":45,"column":33}},"25":{"start":{"line":46,"column":2},"end":{"line":51,"column":3}},"26":{"start":{"line":47,"column":16},"end":{"line":47,"column":68}},"27":{"start":{"line":49,"column":4},"end":{"line":49,"column":38}},"28":{"start":{"line":50,"column":4},"end":{"line":50,"column":21}},"29":{"start":{"line":55,"column":19},"end":{"line":55,"column":21}},"30":{"start":{"line":56,"column":2},"end":{"line":59,"column":58}},"31":{"start":{"line":58,"column":4},"end":{"line":58,"column":54}},"32":{"start":{"line":59,"column":7},"end":{"line":59,"column":58}},"33":{"start":{"line":61,"column":24},"end":{"line":61,"column":49}},"34":{"start":{"line":63,"column":14},"end":{"line":63,"column":66}},"35":{"start":{"line":65,"column":2},"end":{"line":67,"column":3}},"36":{"start":{"line":65,"column":15},"end":{"line":65,"column":16}},"37":{"start":{"line":65,"column":24},"end":{"line":65,"column":46}},"38":{"start":{"line":66,"column":4},"end":{"line":66,"column":46}},"39":{"start":{"line":68,"column":2},"end":{"line":68,"column":19}},"40":{"start":{"line":72,"column":20},"end":{"line":72,"column":49}},"41":{"start":{"line":73,"column":20},"end":{"line":73,"column":51}},"42":{"start":{"line":75,"column":2},"end":{"line":75,"column":48}},"43":{"start":{"line":76,"column":2},"end":{"line":76,"column":48}},"44":{"start":{"line":77,"column":2},"end":{"line":80,"column":4}},"45":{"start":{"line":78,"column":4},"end":{"line":78,"column":24}},"46":{"start":{"line":79,"column":4},"end":{"line":79,"column":17}},"47":{"start":{"line":82,"column":2},"end":{"line":82,"column":51}},"48":{"start":{"line":83,"column":2},"end":{"line":83,"column":44}},"49":{"start":{"line":84,"column":2},"end":{"line":84,"column":56}},"50":{"start":{"line":85,"column":2},"end":{"line":88,"column":4}},"51":{"start":{"line":86,"column":4},"end":{"line":86,"column":29}},"52":{"start":{"line":87,"column":4},"end":{"line":87,"column":17}},"53":{"start":{"line":89,"column":2},"end":{"line":92,"column":4}},"54":{"start":{"line":90,"column":4},"end":{"line":90,"column":24}},"55":{"start":{"line":91,"column":4},"end":{"line":91,"column":17}},"56":{"start":{"line":93,"column":2},"end":{"line":96,"column":4}},"57":{"start":{"line":94,"column":4},"end":{"line":94,"column":23}},"58":{"start":{"line":95,"column":4},"end":{"line":95,"column":17}},"59":{"start":{"line":98,"column":2},"end":{"line":98,"column":47}},"60":{"start":{"line":100,"column":2},"end":{"line":100,"column":39}},"61":{"start":{"line":101,"column":2},"end":{"line":101,"column":74}}},"fnMap":{"0":{"name":"handleFieldChange","decl":{"start":{"line":4,"column":9},"end":{"line":4,"column":26}},"loc":{"start":{"line":4,"column":34},"end":{"line":42,"column":1}},"line":4},"1":{"name":"handleOnBlur","decl":{"start":{"line":44,"column":9},"end":{"line":44,"column":21}},"loc":{"start":{"line":44,"column":29},"end":{"line":52,"column":1}},"line":44},"2":{"name":"handlePaste","decl":{"start":{"line":54,"column":9},"end":{"line":54,"column":20}},"loc":{"start":{"line":54,"column":28},"end":{"line":69,"column":1}},"line":54},"3":{"name":"createEmailsField","decl":{"start":{"line":71,"column":16},"end":{"line":71,"column":33}},"loc":{"start":{"line":71,"column":38},"end":{"line":102,"column":1}},"line":71},"4":{"name":"(anonymous_4)","decl":{"start":{"line":77,"column":24},"end":{"line":77,"column":25}},"loc":{"start":{"line":77,"column":36},"end":{"line":80,"column":3}},"line":77},"5":{"name":"(anonymous_5)","decl":{"start":{"line":85,"column":24},"end":{"line":85,"column":25}},"loc":{"start":{"line":85,"column":37},"end":{"line":88,"column":3}},"line":85},"6":{"name":"(anonymous_6)","decl":{"start":{"line":89,"column":23},"end":{"line":89,"column":24}},"loc":{"start":{"line":89,"column":36},"end":{"line":92,"column":3}},"line":89},"7":{"name":"(anonymous_7)","decl":{"start":{"line":93,"column":24},"end":{"line":93,"column":25}},"loc":{"start":{"line":93,"column":37},"end":{"line":96,"column":3}},"line":93}},"branchMap":{"0":{"loc":{"start":{"line":8,"column":2},"end":{"line":14,"column":3}},"type":"if","locations":[{"start":{"line":8,"column":2},"end":{"line":14,"column":3}},{"start":{"line":8,"column":2},"end":{"line":14,"column":3}}],"line":8},"1":{"loc":{"start":{"line":11,"column":9},"end":{"line":14,"column":3}},"type":"if","locations":[{"start":{"line":11,"column":9},"end":{"line":14,"column":3}},{"start":{"line":11,"column":9},"end":{"line":14,"column":3}}],"line":11},"2":{"loc":{"start":{"line":15,"column":2},"end":{"line":41,"column":3}},"type":"if","locations":[{"start":{"line":15,"column":2},"end":{"line":41,"column":3}},{"start":{"line":15,"column":2},"end":{"line":41,"column":3}}],"line":15},"3":{"loc":{"start":{"line":16,"column":4},"end":{"line":40,"column":5}},"type":"switch","locations":[{"start":{"line":17,"column":6},"end":{"line":17,"column":13}},{"start":{"line":18,"column":6},"end":{"line":21,"column":14}},{"start":{"line":22,"column":6},"end":{"line":30,"column":14}},{"start":{"line":31,"column":6},"end":{"line":37,"column":14}},{"start":{"line":38,"column":6},"end":{"line":39,"column":14}}],"line":16},"4":{"loc":{"start":{"line":23,"column":8},"end":{"line":28,"column":9}},"type":"if","locations":[{"start":{"line":23,"column":8},"end":{"line":28,"column":9}},{"start":{"line":23,"column":8},"end":{"line":28,"column":9}}],"line":23},"5":{"loc":{"start":{"line":25,"column":10},"end":{"line":26,"column":72}},"type":"if","locations":[{"start":{"line":25,"column":10},"end":{"line":26,"column":72}},{"start":{"line":25,"column":10},"end":{"line":26,"column":72}}],"line":25},"6":{"loc":{"start":{"line":25,"column":14},"end":{"line":25,"column":57}},"type":"binary-expr","locations":[{"start":{"line":25,"column":14},"end":{"line":25,"column":32}},{"start":{"line":25,"column":36},"end":{"line":25,"column":57}}],"line":25},"7":{"loc":{"start":{"line":32,"column":8},"end":{"line":35,"column":9}},"type":"if","locations":[{"start":{"line":32,"column":8},"end":{"line":35,"column":9}},{"start":{"line":32,"column":8},"end":{"line":35,"column":9}}],"line":32},"8":{"loc":{"start":{"line":46,"column":2},"end":{"line":51,"column":3}},"type":"if","locations":[{"start":{"line":46,"column":2},"end":{"line":51,"column":3}},{"start":{"line":46,"column":2},"end":{"line":51,"column":3}}],"line":46},"9":{"loc":{"start":{"line":56,"column":2},"end":{"line":59,"column":58}},"type":"if","locations":[{"start":{"line":56,"column":2},"end":{"line":59,"column":58}},{"start":{"line":56,"column":2},"end":{"line":59,"column":58}}],"line":56}},"s":{"0":0,"1":0,"2":0,"3":0,"4":0,"5":0,"6":0,"7":0,"8":0,"9":0,"10":0,"11":0,"12":0,"13":0,"14":0,"15":0,"16":0,"17":0,"18":0,"19":0,"20":0,"21":0,"22":0,"23":0,"24":0,"25":0,"26":0,"27":0,"28":0,"29":1,"30":1,"31":1,"32":0,"33":1,"34":1,"35":1,"36":1,"37":1,"38":1,"39":1,"40":6,"41":6,"42":6,"43":6,"44":6,"45":1,"46":1,"47":6,"48":6,"49":6,"50":6,"51":0,"52":0,"53":6,"54":0,"55":0,"56":6,"57":1,"58":1,"59":6,"60":6,"61":6},"f":{"0":0,"1":0,"2":1,"3":6,"4":1,"5":0,"6":0,"7":1},"b":{"0":[0,0],"1":[0,0],"2":[0,0],"3":[0,0,0,0,0],"4":[0,0],"5":[0,0],"6":[0,0],"7":[0,0],"8":[0,0],"9":[1,0]},"_coverageSchema":"1a1c01bbd47fc00a2c39e90264f33305004495a9","hash":"3325df4c41a927231c779388868919b4f6adb3b6"}
,"/Users/jose.bustamante/Documents/Projects/Miro/src/utils/browserUtils.js": {"path":"/Users/jose.bustamante/Documents/Projects/Miro/src/utils/browserUtils.js","statementMap":{"0":{"start":{"line":2,"column":10},"end":{"line":2,"column":46}},"1":{"start":{"line":3,"column":10},"end":{"line":3,"column":47}},"2":{"start":{"line":4,"column":13},"end":{"line":4,"column":60}},"3":{"start":{"line":6,"column":2},"end":{"line":10,"column":36}},"4":{"start":{"line":7,"column":4},"end":{"line":7,"column":23}},"5":{"start":{"line":8,"column":9},"end":{"line":10,"column":36}},"6":{"start":{"line":9,"column":4},"end":{"line":9,"column":24}},"7":{"start":{"line":10,"column":9},"end":{"line":10,"column":36}},"8":{"start":{"line":10,"column":19},"end":{"line":10,"column":36}},"9":{"start":{"line":11,"column":2},"end":{"line":11,"column":17}}},"fnMap":{"0":{"name":"checkBrowser","decl":{"start":{"line":1,"column":16},"end":{"line":1,"column":28}},"loc":{"start":{"line":1,"column":31},"end":{"line":12,"column":1}},"line":1}},"branchMap":{"0":{"loc":{"start":{"line":6,"column":2},"end":{"line":10,"column":36}},"type":"if","locations":[{"start":{"line":6,"column":2},"end":{"line":10,"column":36}},{"start":{"line":6,"column":2},"end":{"line":10,"column":36}}],"line":6},"1":{"loc":{"start":{"line":8,"column":9},"end":{"line":10,"column":36}},"type":"if","locations":[{"start":{"line":8,"column":9},"end":{"line":10,"column":36}},{"start":{"line":8,"column":9},"end":{"line":10,"column":36}}],"line":8},"2":{"loc":{"start":{"line":10,"column":9},"end":{"line":10,"column":36}},"type":"if","locations":[{"start":{"line":10,"column":9},"end":{"line":10,"column":36}},{"start":{"line":10,"column":9},"end":{"line":10,"column":36}}],"line":10}},"s":{"0":3,"1":3,"2":3,"3":3,"4":1,"5":2,"6":1,"7":1,"8":1,"9":3},"f":{"0":3},"b":{"0":[1,2],"1":[1,1],"2":[1,0]},"_coverageSchema":"1a1c01bbd47fc00a2c39e90264f33305004495a9","hash":"fc0241fcb449b8414fbc0c0c194ccf3b29b45f6d"}
,"/Users/jose.bustamante/Documents/Projects/Miro/src/utils/isValidEmail.js": {"path":"/Users/jose.bustamante/Documents/Projects/Miro/src/utils/isValidEmail.js","statementMap":{"0":{"start":{"line":2,"column":16},"end":{"line":2,"column":76}},"1":{"start":{"line":3,"column":2},"end":{"line":3,"column":34}}},"fnMap":{"0":{"name":"(anonymous_0)","decl":{"start":{"line":1,"column":15},"end":{"line":1,"column":16}},"loc":{"start":{"line":1,"column":37},"end":{"line":4,"column":1}},"line":1}},"branchMap":{},"s":{"0":5,"1":5},"f":{"0":5},"b":{},"_coverageSchema":"1a1c01bbd47fc00a2c39e90264f33305004495a9","hash":"a231c3d1bb67077e37d76ed2aae75cf28f73de75"}
}
