TN:
SF:src/index.js
FN:8,(anonymous_0)
FN:11,initField
FN:43,addRandomEmail
FN:48,getEmails
FN:59,(anonymous_4)
FNF:5
FNH:4
FNDA:2,(anonymous_0)
FNDA:5,initField
FNDA:1,addRandomEmail
FNDA:1,getEmails
FNDA:0,(anonymous_4)
DA:7,3
DA:8,2
DA:12,5
DA:13,1
DA:15,4
DA:20,4
DA:21,4
DA:22,4
DA:24,4
DA:25,4
DA:26,4
DA:27,4
DA:30,4
DA:31,4
DA:32,4
DA:34,4
DA:35,4
DA:36,4
DA:38,4
DA:39,4
DA:40,4
DA:44,1
DA:45,1
DA:49,1
DA:50,1
DA:51,1
DA:52,1
DA:53,1
DA:55,1
DA:59,3
DA:60,0
LF:31
LH:30
BRDA:11,0,0,2
BRDA:12,1,0,1
BRDA:12,1,1,4
BRDA:53,2,0,1
BRDA:53,2,1,0
BRF:5
BRH:4
end_of_record
TN:
SF:src/components/EmailBubble.js
FN:4,createEmailBubble
FN:14,(anonymous_1)
FN:17,(anonymous_2)
FNF:3
FNH:1
FNDA:2,createEmailBubble
FNDA:0,(anonymous_1)
FNDA:0,(anonymous_2)
DA:5,2
DA:6,2
DA:8,2
DA:9,2
DA:10,0
DA:12,2
DA:14,2
DA:15,0
DA:17,0
DA:18,0
DA:19,0
DA:20,0
DA:22,2
DA:25,2
LF:14
LH:8
BRDA:8,0,0,2
BRDA:8,0,1,0
BRDA:18,1,0,0
BRDA:18,1,1,0
BRF:4
BRH:1
end_of_record
TN:
SF:src/components/EmailButton.js
FN:1,createButton
FN:4,(anonymous_1)
FNF:2
FNH:2
FNDA:9,createButton
FNDA:3,(anonymous_1)
DA:2,9
DA:3,9
DA:4,9
DA:5,3
DA:6,3
DA:8,9
DA:9,9
DA:10,9
DA:11,9
LF:9
LH:9
BRF:0
BRH:0
end_of_record
TN:
SF:src/components/EmailsField.js
FN:4,handleFieldChange
FN:44,handleOnBlur
FN:54,handlePaste
FN:71,createEmailsField
FN:77,(anonymous_4)
FN:85,(anonymous_5)
FN:89,(anonymous_6)
FN:93,(anonymous_7)
FNF:8
FNH:4
FNDA:0,handleFieldChange
FNDA:0,handleOnBlur
FNDA:1,handlePaste
FNDA:6,createEmailsField
FNDA:1,(anonymous_4)
FNDA:0,(anonymous_5)
FNDA:0,(anonymous_6)
FNDA:1,(anonymous_7)
DA:5,0
DA:6,0
DA:8,0
DA:10,0
DA:11,0
DA:13,0
DA:15,0
DA:16,0
DA:19,0
DA:20,0
DA:21,0
DA:23,0
DA:24,0
DA:25,0
DA:26,0
DA:27,0
DA:29,0
DA:30,0
DA:32,0
DA:33,0
DA:34,0
DA:36,0
DA:37,0
DA:39,0
DA:45,0
DA:46,0
DA:47,0
DA:49,0
DA:50,0
DA:55,1
DA:56,1
DA:58,1
DA:59,0
DA:61,1
DA:63,1
DA:65,1
DA:66,1
DA:68,1
DA:72,6
DA:73,6
DA:75,6
DA:76,6
DA:77,6
DA:78,1
DA:79,1
DA:82,6
DA:83,6
DA:84,6
DA:85,6
DA:86,0
DA:87,0
DA:89,6
DA:90,0
DA:91,0
DA:93,6
DA:94,1
DA:95,1
DA:98,6
DA:100,6
DA:101,6
LF:60
LH:26
BRDA:8,0,0,0
BRDA:8,0,1,0
BRDA:11,1,0,0
BRDA:11,1,1,0
BRDA:15,2,0,0
BRDA:15,2,1,0
BRDA:16,3,0,0
BRDA:16,3,1,0
BRDA:16,3,2,0
BRDA:16,3,3,0
BRDA:16,3,4,0
BRDA:23,4,0,0
BRDA:23,4,1,0
BRDA:25,5,0,0
BRDA:25,5,1,0
BRDA:25,6,0,0
BRDA:25,6,1,0
BRDA:32,7,0,0
BRDA:32,7,1,0
BRDA:46,8,0,0
BRDA:46,8,1,0
BRDA:56,9,0,1
BRDA:56,9,1,0
BRF:23
BRH:1
end_of_record
TN:
SF:src/utils/browserUtils.js
FN:1,checkBrowser
FNF:1
FNH:1
FNDA:3,checkBrowser
DA:2,3
DA:3,3
DA:4,3
DA:6,3
DA:7,1
DA:8,2
DA:9,1
DA:10,1
DA:11,3
LF:9
LH:9
BRDA:6,0,0,1
BRDA:6,0,1,2
BRDA:8,1,0,1
BRDA:8,1,1,1
BRDA:10,2,0,1
BRDA:10,2,1,0
BRF:6
BRH:5
end_of_record
TN:
SF:src/utils/isValidEmail.js
FN:1,(anonymous_0)
FNF:1
FNH:1
FNDA:5,(anonymous_0)
DA:2,5
DA:3,5
LF:2
LH:2
BRF:0
BRH:0
end_of_record
