TN:
SF:src/index.js
FN:8,(anonymous_0)
FN:11,initField
FN:44,addRandomEmail
FN:49,getEmails
FN:60,(anonymous_4)
FNF:5
FNH:2
FNDA:4,(anonymous_0)
FNDA:6,initField
FNDA:0,addRandomEmail
FNDA:0,getEmails
FNDA:0,(anonymous_4)
DA:7,2
DA:8,4
DA:12,6
DA:13,2
DA:14,2
DA:16,4
DA:21,4
DA:22,4
DA:23,4
DA:25,4
DA:26,4
DA:27,4
DA:28,4
DA:31,4
DA:32,4
DA:33,4
DA:35,4
DA:36,4
DA:37,4
DA:39,4
DA:40,4
DA:41,4
DA:45,0
DA:46,0
DA:50,0
DA:51,0
DA:52,0
DA:53,0
DA:54,0
DA:56,0
DA:60,2
DA:61,0
LF:32
LH:23
BRDA:11,0,0,2
BRDA:12,1,0,2
BRDA:12,1,1,4
BRDA:54,2,0,0
BRDA:54,2,1,0
BRF:5
BRH:3
end_of_record
TN:
SF:src/components/EmailBubble.js
FN:4,createEmailBubble
FN:14,(anonymous_1)
FN:17,(anonymous_2)
FNF:3
FNH:0
FNDA:0,createEmailBubble
FNDA:0,(anonymous_1)
FNDA:0,(anonymous_2)
DA:5,0
DA:6,0
DA:8,0
DA:9,0
DA:10,0
DA:12,0
DA:14,0
DA:15,0
DA:17,0
DA:18,0
DA:19,0
DA:20,0
DA:22,0
DA:23,0
DA:26,0
LF:15
LH:0
BRDA:8,0,0,0
BRDA:8,0,1,0
BRDA:18,1,0,0
BRDA:18,1,1,0
BRF:4
BRH:0
end_of_record
TN:
SF:src/components/EmailButton.js
FN:1,createButton
FN:4,(anonymous_1)
FNF:2
FNH:1
FNDA:8,createButton
FNDA:0,(anonymous_1)
DA:2,8
DA:3,8
DA:4,8
DA:5,0
DA:6,0
DA:8,8
DA:9,8
DA:10,8
LF:8
LH:6
BRF:0
BRH:0
end_of_record
TN:
SF:src/components/EmailsField.js
FN:4,handleFieldChange
FN:44,handleOnBlur
FN:54,handlePaste
FN:71,createEmailsField
FN:77,(anonymous_4)
FN:85,(anonymous_5)
FN:89,(anonymous_6)
FN:93,(anonymous_7)
FNF:8
FNH:1
FNDA:0,handleFieldChange
FNDA:0,handleOnBlur
FNDA:0,handlePaste
FNDA:4,createEmailsField
FNDA:0,(anonymous_4)
FNDA:0,(anonymous_5)
FNDA:0,(anonymous_6)
FNDA:0,(anonymous_7)
DA:5,0
DA:6,0
DA:8,0
DA:10,0
DA:11,0
DA:13,0
DA:15,0
DA:16,0
DA:19,0
DA:20,0
DA:21,0
DA:23,0
DA:24,0
DA:25,0
DA:26,0
DA:27,0
DA:29,0
DA:30,0
DA:32,0
DA:33,0
DA:34,0
DA:36,0
DA:37,0
DA:39,0
DA:45,0
DA:46,0
DA:47,0
DA:49,0
DA:50,0
DA:55,0
DA:56,0
DA:58,0
DA:59,0
DA:61,0
DA:63,0
DA:65,0
DA:66,0
DA:68,0
DA:72,4
DA:73,4
DA:75,4
DA:76,4
DA:77,4
DA:78,0
DA:79,0
DA:82,4
DA:83,4
DA:84,4
DA:85,4
DA:86,0
DA:87,0
DA:89,4
DA:90,0
DA:91,0
DA:93,4
DA:94,0
DA:95,0
DA:98,4
DA:100,4
DA:101,4
LF:60
LH:14
BRDA:8,0,0,0
BRDA:8,0,1,0
BRDA:11,1,0,0
BRDA:11,1,1,0
BRDA:15,2,0,0
BRDA:15,2,1,0
BRDA:16,3,0,0
BRDA:16,3,1,0
BRDA:16,3,2,0
BRDA:16,3,3,0
BRDA:16,3,4,0
BRDA:23,4,0,0
BRDA:23,4,1,0
BRDA:25,5,0,0
BRDA:25,5,1,0
BRDA:25,6,0,0
BRDA:25,6,1,0
BRDA:32,7,0,0
BRDA:32,7,1,0
BRDA:46,8,0,0
BRDA:46,8,1,0
BRDA:56,9,0,0
BRDA:56,9,1,0
BRF:23
BRH:0
end_of_record
TN:
SF:src/utils/browserUtils.js
FN:1,checkBrowser
FNF:1
FNH:1
FNDA:3,checkBrowser
DA:2,3
DA:3,3
DA:4,3
DA:6,3
DA:7,1
DA:8,2
DA:9,1
DA:10,1
DA:11,3
LF:9
LH:9
BRDA:6,0,0,1
BRDA:6,0,1,2
BRDA:8,1,0,1
BRDA:8,1,1,1
BRDA:10,2,0,1
BRDA:10,2,1,0
BRF:6
BRH:5
end_of_record
TN:
SF:src/utils/isValidEmail.js
FN:1,(anonymous_0)
FNF:1
FNH:1
FNDA:2,(anonymous_0)
DA:2,2
DA:3,2
LF:2
LH:2
BRF:0
BRH:0
end_of_record
